Logging to data/logs/player_maps_2025-26.log
Season 2025-26, all competitions: 3123 matches
competition_slug
england-premier-league       264
italy-serie-a                252
spain-laliga                 242
netherlands-eredivisie       208
germany-bundesliga           202
belgium-pro-league           202
portugal-primeira-liga       201
turkey-super-lig             201
france-ligue-1               199
saudi-pro-league             195
uefa-champions-league        144
uefa-europa-league           144
portugal-taca-de-portugal    114
uefa-conference-league       108
spain-copa-del-rey           106
england-fa-cup                82
netherlands-knvb-beker        81
england-league-cup            72
germany-dfb-pokal             47
brazil-serie-a                30
italy-coppa-italia            29

  Skip 14288799 (portugal-primeira-liga): already has heatmaps [1 skipped]
  Skip 14288800 (portugal-primeira-liga): already has heatmaps [2 skipped]
  Skip 14083572 (spain-laliga): already has heatmaps [3 skipped]
  Skip 14024006 (england-premier-league): already has heatmaps [4 skipped]
  Skip 14025215 (england-premier-league): already has heatmaps [5 skipped]
  Skip 14062207 (germany-bundesliga): already has heatmaps [100 skipped]
  Skip 15496189 (spain-copa-del-rey): no lineups.csv
  Skip 15496188 (spain-copa-del-rey): no lineups.csv
  Skip 14064488 (france-ligue-1): already has heatmaps [200 skipped]
  Skip 15396360 (spain-copa-del-rey): no lineups.csv
  Skip 15403444 (netherlands-knvb-beker): no lineups.csv
  Skip 15410315 (portugal-taca-de-portugal): no lineups.csv
  Skip 14053824 (netherlands-eredivisie): already has heatmaps [300 skipped]
  OK 14083251 (spain-laliga): wrote 6 player map files [1 done]
  OK 14109781 (turkey-super-lig): wrote 0 player map files [2 done]
    -> API returned no data (sample error: http_403)
  OK 14288973 (portugal-primeira-liga): wrote 0 player map files [3 done]
    -> API returned no data (sample error: http_403)
  OK 14083236 (spain-laliga): wrote 0 player map files [4 done]
    -> API returned no data (sample error: http_403)
  OK 13981646 (italy-serie-a): wrote 0 player map files [5 done]
    -> API returned no data (sample error: http_403)
  OK 14064480 (france-ligue-1): wrote 35 player map files [6 done]
  OK 14032398 (belgium-pro-league): wrote 66 player map files [7 done]
  OK 14566665 (uefa-champions-league): wrote 35 player map files [50 done]
  OK 14083107 (spain-laliga): wrote 36 player map files [100 done]
  OK 14773693 (saudi-pro-league): wrote 36 player map files [150 done]
  OK 14109762 (turkey-super-lig): wrote 36 player map files [200 done]
d]
  OK 14566573 (uefa-champions-league): wrote 73 player map files [50 done]
  Skip 14771950 (saudi-pro-league): already has heatmaps [500 skipped]
    -> API returned no data (sample error: http_403)
    -> API returned no data (sample error: http_403)
    -> API returned no data (sample error: http_403)
